app/build/intermediates/manifest_merge_blame_file/release/manifest-merger-blame-release-report.txt
1<?xml version="1.0" encoding="utf-8"?>
2<manifest xmlns:android="http://schemas.android.com/apk/res/android"
3    package="com.alek.peacebooster"
4    android:versionCode="8"
5    android:versionName="1.6" >
6
7    <uses-sdk
8        android:minSdkVersion="17"
8-->src\main\AndroidManifest.xml
9        android:targetSdkVersion="33" />
9-->src\main\AndroidManifest.xml
10
11    <uses-feature
11-->src\main\AndroidManifest.xml:6:5-8:35
12        android:name="android.hardware.camera"
12-->src\main\AndroidManifest.xml:7:9-47
13        android:required="true" />
13-->src\main\AndroidManifest.xml:8:9-32
14    <uses-feature android:name="android.hardware.camera.autofocus" />
14-->src\main\AndroidManifest.xml:9:5-70
14-->src\main\AndroidManifest.xml:9:19-67
15
16    <uses-permission android:name="android.permission.INTERNET" />
16-->src\main\AndroidManifest.xml:11:5-67
16-->src\main\AndroidManifest.xml:11:22-64
17    <uses-permission android:name="android.permission.CAMERA" />
17-->src\main\AndroidManifest.xml:12:5-65
17-->src\main\AndroidManifest.xml:12:22-62
18    <uses-permission android:name="android.permission.READ_EXTERNAL_STORAGE" />
18-->src\main\AndroidManifest.xml:13:5-80
18-->src\main\AndroidManifest.xml:13:22-77
19
20    <!-- Although the *SdkVersion is captured in gradle build files, this is required for non gradle builds -->
21    <!-- <uses-sdk android:minSdkVersion="14" /> -->
22    <uses-permission android:name="android.permission.ACCESS_NETWORK_STATE" />
22-->[com.google.firebase:firebase-firestore:22.0.0] AndroidManifest.xml:13:5-79
22-->[com.google.firebase:firebase-firestore:22.0.0] AndroidManifest.xml:13:22-76
23    <uses-permission android:name="android.permission.WAKE_LOCK" /> <!-- Required by older versions of Google Play services to create IID tokens -->
23-->[com.google.firebase:firebase-iid:21.0.0] AndroidManifest.xml:24:5-68
23-->[com.google.firebase:firebase-iid:21.0.0] AndroidManifest.xml:24:22-65
24    <uses-permission android:name="com.google.android.c2dm.permission.RECEIVE" />
24-->[com.google.firebase:firebase-iid:21.0.0] AndroidManifest.xml:26:5-82
24-->[com.google.firebase:firebase-iid:21.0.0] AndroidManifest.xml:26:22-79
25    <uses-permission android:name="com.google.android.finsky.permission.BIND_GET_INSTALL_REFERRER_SERVICE" />
25-->[com.google.android.gms:play-services-measurement:18.0.0] AndroidManifest.xml:26:5-110
25-->[com.google.android.gms:play-services-measurement:18.0.0] AndroidManifest.xml:26:22-107
26
27    <application
27-->src\main\AndroidManifest.xml:15:5-52:19
28        android:name="androidx.multidex.MultiDexApplication"
29        android:allowBackup="true"
29-->src\main\AndroidManifest.xml:16:9-35
30        android:appComponentFactory="androidx.core.app.CoreComponentFactory"
30-->[androidx.core:core:1.5.0] AndroidManifest.xml:24:18-86
31        android:fullBackupContent="true"
31-->src\main\AndroidManifest.xml:24:9-41
32        android:icon="@mipmap/ic_launcher"
32-->src\main\AndroidManifest.xml:17:9-43
33        android:label="@string/app_name"
33-->src\main\AndroidManifest.xml:18:9-41
34        android:roundIcon="@mipmap/ic_launcher"
34-->src\main\AndroidManifest.xml:19:9-48
35        android:supportsRtl="true"
35-->src\main\AndroidManifest.xml:20:9-35
36        android:theme="@style/AppTheme"
36-->src\main\AndroidManifest.xml:21:9-40
37        android:usesCleartextTraffic="true" >
37-->src\main\AndroidManifest.xml:22:9-44
38        <activity
38-->src\main\AndroidManifest.xml:25:9-83
39            android:name="com.alek.peacebooster.activity.MainActivity"
39-->src\main\AndroidManifest.xml:25:19-56
40            android:exported="false" />
40-->src\main\AndroidManifest.xml:25:57-81
41        <activity
41-->src\main\AndroidManifest.xml:26:9-28:40
42            android:name="com.alek.peacebooster.activity.LanguagesActivity"
42-->src\main\AndroidManifest.xml:27:13-76
43            android:exported="false" />
43-->src\main\AndroidManifest.xml:28:13-37
44        <activity
44-->src\main\AndroidManifest.xml:29:9-40:20
45            android:name="com.alek.peacebooster.activity.SplashActivity"
45-->src\main\AndroidManifest.xml:30:13-73
46            android:exported="true"
46-->src\main\AndroidManifest.xml:31:13-36
47            android:launchMode="singleTask"
47-->src\main\AndroidManifest.xml:32:13-44
48            android:theme="@style/AppTheme.NoActionBar"
48-->src\main\AndroidManifest.xml:33:13-56
49            android:windowSoftInputMode="stateAlwaysHidden" >
49-->src\main\AndroidManifest.xml:34:13-60
50            <intent-filter>
50-->src\main\AndroidManifest.xml:35:13-39:29
51                <action android:name="android.intent.action.MAIN" />
51-->src\main\AndroidManifest.xml:36:17-69
51-->src\main\AndroidManifest.xml:36:25-66
52
53                <category android:name="android.intent.category.LAUNCHER" />
53-->src\main\AndroidManifest.xml:38:17-77
53-->src\main\AndroidManifest.xml:38:27-74
54            </intent-filter>
55        </activity>
56
57        <service
57-->src\main\AndroidManifest.xml:41:9-47:19
58            android:name="com.alek.peacebooster.FirebaseService"
58-->src\main\AndroidManifest.xml:42:13-44
59            android:exported="false" >
59-->src\main\AndroidManifest.xml:43:13-37
60            <intent-filter>
60-->src\main\AndroidManifest.xml:44:13-46:29
61                <action android:name="com.google.firebase.MESSAGING_EVENT" />
61-->src\main\AndroidManifest.xml:45:17-78
61-->src\main\AndroidManifest.xml:45:25-75
62            </intent-filter>
63        </service>
64
65        <meta-data
65-->src\main\AndroidManifest.xml:49:9-51:60
66            android:name="com.google.firebase.messaging.default_notification_icon"
66-->src\main\AndroidManifest.xml:50:13-83
67            android:resource="@drawable/ic_notification" />
67-->src\main\AndroidManifest.xml:51:13-57
68
69        <service
69-->[com.google.firebase:firebase-firestore:22.0.0] AndroidManifest.xml:17:9-23:19
70            android:name="com.google.firebase.components.ComponentDiscoveryService"
70-->[com.google.firebase:firebase-firestore:22.0.0] AndroidManifest.xml:18:13-84
71            android:directBootAware="true"
71-->[com.google.firebase:firebase-common:19.4.0] AndroidManifest.xml:35:13-43
72            android:exported="false" >
72-->[com.google.firebase:firebase-firestore:22.0.0] AndroidManifest.xml:19:13-37
73            <meta-data
73-->[com.google.firebase:firebase-firestore:22.0.0] AndroidManifest.xml:20:13-22:85
74                android:name="com.google.firebase.components:com.google.firebase.firestore.FirestoreRegistrar"
74-->[com.google.firebase:firebase-firestore:22.0.0] AndroidManifest.xml:21:17-111
75                android:value="com.google.firebase.components.ComponentRegistrar" />
75-->[com.google.firebase:firebase-firestore:22.0.0] AndroidManifest.xml:22:17-82
76            <meta-data
76-->[com.google.firebase:firebase-crashlytics:17.3.0] AndroidManifest.xml:18:13-20:85
77                android:name="com.google.firebase.components:com.google.firebase.crashlytics.CrashlyticsRegistrar"
77-->[com.google.firebase:firebase-crashlytics:17.3.0] AndroidManifest.xml:19:17-115
78                android:value="com.google.firebase.components.ComponentRegistrar" />
78-->[com.google.firebase:firebase-crashlytics:17.3.0] AndroidManifest.xml:20:17-82
79            <meta-data
79-->[com.google.firebase:firebase-messaging:21.0.0] AndroidManifest.xml:39:13-41:85
80                android:name="com.google.firebase.components:com.google.firebase.messaging.FirebaseMessagingRegistrar"
80-->[com.google.firebase:firebase-messaging:21.0.0] AndroidManifest.xml:40:17-119
81                android:value="com.google.firebase.components.ComponentRegistrar" />
81-->[com.google.firebase:firebase-messaging:21.0.0] AndroidManifest.xml:41:17-82
82            <meta-data
82-->[com.google.firebase:firebase-datatransport:17.0.3] AndroidManifest.xml:28:13-30:85
83                android:name="com.google.firebase.components:com.google.firebase.datatransport.TransportRegistrar"
83-->[com.google.firebase:firebase-datatransport:17.0.3] AndroidManifest.xml:29:17-115
84                android:value="com.google.firebase.components.ComponentRegistrar" />
84-->[com.google.firebase:firebase-datatransport:17.0.3] AndroidManifest.xml:30:17-82
85            <meta-data
85-->[com.google.firebase:firebase-iid:21.0.0] AndroidManifest.xml:32:13-34:85
86                android:name="com.google.firebase.components:com.google.firebase.iid.Registrar"
86-->[com.google.firebase:firebase-iid:21.0.0] AndroidManifest.xml:33:17-96
87                android:value="com.google.firebase.components.ComponentRegistrar" />
87-->[com.google.firebase:firebase-iid:21.0.0] AndroidManifest.xml:34:17-82
88            <meta-data
88-->[com.google.android.gms:play-services-measurement-api:18.0.0] AndroidManifest.xml:30:13-32:85
89                android:name="com.google.firebase.components:com.google.firebase.analytics.connector.internal.AnalyticsConnectorRegistrar"
89-->[com.google.android.gms:play-services-measurement-api:18.0.0] AndroidManifest.xml:31:17-139
90                android:value="com.google.firebase.components.ComponentRegistrar" />
90-->[com.google.android.gms:play-services-measurement-api:18.0.0] AndroidManifest.xml:32:17-82
91            <meta-data
91-->[com.google.firebase:firebase-installations:16.3.4] AndroidManifest.xml:18:13-20:85
92                android:name="com.google.firebase.components:com.google.firebase.installations.FirebaseInstallationsRegistrar"
92-->[com.google.firebase:firebase-installations:16.3.4] AndroidManifest.xml:19:17-127
93                android:value="com.google.firebase.components.ComponentRegistrar" />
93-->[com.google.firebase:firebase-installations:16.3.4] AndroidManifest.xml:20:17-82
94        </service>
95        <!--
96             FirebaseMessagingService performs security checks at runtime,
97             but set to not exported to explicitly avoid allowing another app to call it.
98        -->
99        <service
99-->[com.google.firebase:firebase-messaging:21.0.0] AndroidManifest.xml:28:9-35:19
100            android:name="com.google.firebase.messaging.FirebaseMessagingService"
100-->[com.google.firebase:firebase-messaging:21.0.0] AndroidManifest.xml:29:13-82
101            android:directBootAware="true"
101-->[com.google.firebase:firebase-messaging:21.0.0] AndroidManifest.xml:30:13-43
102            android:exported="false" >
102-->[com.google.firebase:firebase-messaging:21.0.0] AndroidManifest.xml:31:13-37
103            <intent-filter android:priority="-500" >
103-->src\main\AndroidManifest.xml:44:13-46:29
104                <action android:name="com.google.firebase.MESSAGING_EVENT" />
104-->src\main\AndroidManifest.xml:45:17-78
104-->src\main\AndroidManifest.xml:45:25-75
105            </intent-filter>
106        </service>
107        <service
107-->[com.google.android.datatransport:transport-backend-cct:2.3.2] AndroidManifest.xml:29:9-35:19
108            android:name="com.google.android.datatransport.runtime.backends.TransportBackendDiscovery"
108-->[com.google.android.datatransport:transport-backend-cct:2.3.2] AndroidManifest.xml:30:13-103
109            android:exported="false" >
109-->[com.google.android.datatransport:transport-backend-cct:2.3.2] AndroidManifest.xml:31:13-37
110            <meta-data
110-->[com.google.android.datatransport:transport-backend-cct:2.3.2] AndroidManifest.xml:32:13-34:39
111                android:name="backend:com.google.android.datatransport.cct.CctBackendFactory"
111-->[com.google.android.datatransport:transport-backend-cct:2.3.2] AndroidManifest.xml:33:17-94
112                android:value="cct" />
112-->[com.google.android.datatransport:transport-backend-cct:2.3.2] AndroidManifest.xml:34:17-36
113        </service>
114
115        <receiver
115-->[com.google.firebase:firebase-iid:21.0.0] AndroidManifest.xml:37:9-44:20
116            android:name="com.google.firebase.iid.FirebaseInstanceIdReceiver"
116-->[com.google.firebase:firebase-iid:21.0.0] AndroidManifest.xml:38:13-78
117            android:exported="true"
117-->[com.google.firebase:firebase-iid:21.0.0] AndroidManifest.xml:39:13-36
118            android:permission="com.google.android.c2dm.permission.SEND" >
118-->[com.google.firebase:firebase-iid:21.0.0] AndroidManifest.xml:40:13-73
119            <intent-filter>
119-->[com.google.firebase:firebase-iid:21.0.0] AndroidManifest.xml:41:13-43:29
120                <action android:name="com.google.android.c2dm.intent.RECEIVE" />
120-->[com.google.firebase:firebase-iid:21.0.0] AndroidManifest.xml:42:17-81
120-->[com.google.firebase:firebase-iid:21.0.0] AndroidManifest.xml:42:25-78
121            </intent-filter>
122        </receiver>
123
124        <provider
124-->[com.google.firebase:firebase-common:19.4.0] AndroidManifest.xml:26:9-31:39
125            android:name="com.google.firebase.provider.FirebaseInitProvider"
125-->[com.google.firebase:firebase-common:19.4.0] AndroidManifest.xml:27:13-77
126            android:authorities="com.alek.peacebooster.firebaseinitprovider"
126-->[com.google.firebase:firebase-common:19.4.0] AndroidManifest.xml:28:13-72
127            android:directBootAware="true"
127-->[com.google.firebase:firebase-common:19.4.0] AndroidManifest.xml:29:13-43
128            android:exported="false"
128-->[com.google.firebase:firebase-common:19.4.0] AndroidManifest.xml:30:13-37
129            android:initOrder="100" />
129-->[com.google.firebase:firebase-common:19.4.0] AndroidManifest.xml:31:13-36
130
131        <activity
131-->[com.google.android.gms:play-services-base:17.0.0] AndroidManifest.xml:23:9-26:75
132            android:name="com.google.android.gms.common.api.GoogleApiActivity"
132-->[com.google.android.gms:play-services-base:17.0.0] AndroidManifest.xml:24:13-79
133            android:exported="false"
133-->[com.google.android.gms:play-services-base:17.0.0] AndroidManifest.xml:25:13-37
134            android:theme="@android:style/Theme.Translucent.NoTitleBar" />
134-->[com.google.android.gms:play-services-base:17.0.0] AndroidManifest.xml:26:13-72
135
136        <receiver
136-->[com.google.android.gms:play-services-measurement:18.0.0] AndroidManifest.xml:29:9-33:20
137            android:name="com.google.android.gms.measurement.AppMeasurementReceiver"
137-->[com.google.android.gms:play-services-measurement:18.0.0] AndroidManifest.xml:30:13-85
138            android:enabled="true"
138-->[com.google.android.gms:play-services-measurement:18.0.0] AndroidManifest.xml:31:13-35
139            android:exported="false" >
139-->[com.google.android.gms:play-services-measurement:18.0.0] AndroidManifest.xml:32:13-37
140        </receiver>
141
142        <service
142-->[com.google.android.gms:play-services-measurement:18.0.0] AndroidManifest.xml:35:9-38:40
143            android:name="com.google.android.gms.measurement.AppMeasurementService"
143-->[com.google.android.gms:play-services-measurement:18.0.0] AndroidManifest.xml:36:13-84
144            android:enabled="true"
144-->[com.google.android.gms:play-services-measurement:18.0.0] AndroidManifest.xml:37:13-35
145            android:exported="false" />
145-->[com.google.android.gms:play-services-measurement:18.0.0] AndroidManifest.xml:38:13-37
146        <service
146-->[com.google.android.gms:play-services-measurement:18.0.0] AndroidManifest.xml:39:9-43:72
147            android:name="com.google.android.gms.measurement.AppMeasurementJobService"
147-->[com.google.android.gms:play-services-measurement:18.0.0] AndroidManifest.xml:40:13-87
148            android:enabled="true"
148-->[com.google.android.gms:play-services-measurement:18.0.0] AndroidManifest.xml:41:13-35
149            android:exported="false"
149-->[com.google.android.gms:play-services-measurement:18.0.0] AndroidManifest.xml:42:13-37
150            android:permission="android.permission.BIND_JOB_SERVICE" />
150-->[com.google.android.gms:play-services-measurement:18.0.0] AndroidManifest.xml:43:13-69
151
152        <meta-data
152-->[com.google.android.gms:play-services-basement:17.0.0] AndroidManifest.xml:23:9-25:69
153            android:name="com.google.android.gms.version"
153-->[com.google.android.gms:play-services-basement:17.0.0] AndroidManifest.xml:24:13-58
154            android:value="@integer/google_play_services_version" />
154-->[com.google.android.gms:play-services-basement:17.0.0] AndroidManifest.xml:25:13-66
155
156        <service
156-->[com.google.android.datatransport:transport-runtime:2.2.5] AndroidManifest.xml:26:9-30:19
157            android:name="com.google.android.datatransport.runtime.scheduling.jobscheduling.JobInfoSchedulerService"
157-->[com.google.android.datatransport:transport-runtime:2.2.5] AndroidManifest.xml:27:13-117
158            android:exported="false"
158-->[com.google.android.datatransport:transport-runtime:2.2.5] AndroidManifest.xml:28:13-37
159            android:permission="android.permission.BIND_JOB_SERVICE" >
159-->[com.google.android.datatransport:transport-runtime:2.2.5] AndroidManifest.xml:29:13-69
160        </service>
161
162        <receiver
162-->[com.google.android.datatransport:transport-runtime:2.2.5] AndroidManifest.xml:32:9-34:40
163            android:name="com.google.android.datatransport.runtime.scheduling.jobscheduling.AlarmManagerSchedulerBroadcastReceiver"
163-->[com.google.android.datatransport:transport-runtime:2.2.5] AndroidManifest.xml:33:13-132
164            android:exported="false" />
164-->[com.google.android.datatransport:transport-runtime:2.2.5] AndroidManifest.xml:34:13-37
165    </application>
166
167</manifest>